Build started 2018-08-19 오후 6:24:47.
     1>Project "D:\Implementation\Gurobi_Test\Gurobi_Test\Gurobi_Test.vcxproj" on node 2 (Build target(s)).
     1>ClCompile:
         C:\Program Files (x86)\Microsoft Visual Studio 12.0\VC\bin\CL.exe /c /ZI /nologo /W3 /WX- /sdl /Od /Oy- /D WIN32 /D _DEBUG /D _CONSOLE /D _LIB /D _UNICODE /D UNICODE /Gm /EHsc /RTC1 /MDd /GS /fp:precise /Zc:wchar_t /Zc:forScope /Fo"Debug\\" /Fd"Debug\vc120.pdb" /Gd /TP /analyze- /errorReport:prompt SAT_4con_p.cpp
         SAT_4con_p.cpp
     1>d:\implementation\gurobi_test\gurobi_test\sat_4con_p.cpp(12): fatal error C1083: Cannot open include file: 'gurobi_c++.h': No such file or directory
     1>Done Building Project "D:\Implementation\Gurobi_Test\Gurobi_Test\Gurobi_Test.vcxproj" (Build target(s)) -- FAILED.

Build FAILED.

Time Elapsed 00:00:00.70
